<?xml version="1.0" encoding="UTF-8"?>
<!-- Generated by org.testng.reporters.JUnitReportReporter -->
<testsuite hostname="MIIND51N15S2" failures="0" tests="1" name="testAcademy.TestNGAnnotations" time="8.736" errors="0" timestamp="2022-02-25T20:49:04 IST" skipped="0">
  <testcase classname="testAcademy.TestNGAnnotations" name="firstTest" time="8.736"/>
  <system-out/>
</testsuite> <!-- testAcademy.TestNGAnnotations -->
