<?xml version="1.0" encoding="UTF-8"?>
<!-- Generated by org.testng.reporters.JUnitReportReporter -->
<testsuite hostname="MIIND51N15S2" failures="0" tests="2" name="testAcademy.TestNGdataProvider" time="0.013" errors="0" timestamp="2022-02-26T10:32:44 IST" skipped="0">
  <testcase classname="testAcademy.TestNGdataProvider" name="dataProviderTest" time="0.002"/>
  <system-out/>
  <testcase classname="testAcademy.TestNGdataProvider" name="dataProviderTest" time="0.011"/>
  <system-out/>
</testsuite> <!-- testAcademy.TestNGdataProvider -->
