<?xml version="1.0" encoding="UTF-8"?>
<!-- Generated by org.testng.reporters.JUnitReportReporter -->
<testsuite hostname="MIIND51N15S2" failures="0" tests="3" name="testAcademy.TestNGPrioritization" time="0.011" errors="0" timestamp="2022-02-26T09:36:10 IST" skipped="0">
  <testcase classname="testAcademy.TestNGPrioritization" name="thirdTest" time="0.008"/>
  <system-out/>
  <testcase classname="testAcademy.TestNGPrioritization" name="secondTest" time="0.002"/>
  <system-out/>
  <testcase classname="testAcademy.TestNGPrioritization" name="firstTest" time="0.001"/>
  <system-out/>
</testsuite> <!-- testAcademy.TestNGPrioritization -->
