<?xml version="1.0" encoding="UTF-8"?>
<!-- Generated by org.testng.reporters.JUnitReportReporter -->
<testsuite hostname="MIIND51N15S2" failures="0" tests="4" name="testAcademy.TestNGDependsOn" time="0.033" errors="0" timestamp="2022-03-11T17:34:53 IST" skipped="0">
  <testcase classname="testAcademy.TestNGDependsOn" name="logOutFromWebsite" time="0.002"/>
  <system-out/>
  <testcase classname="testAcademy.TestNGDependsOn" name="openWebsite" time="0.021"/>
  <system-out/>
  <testcase classname="testAcademy.TestNGDependsOn" name="loginWebsite" time="0.005"/>
  <system-out/>
  <testcase classname="testAcademy.TestNGDependsOn" name="goToBasket" time="0.005"/>
  <system-out/>
</testsuite> <!-- testAcademy.TestNGDependsOn -->
