<?xml version="1.0" encoding="UTF-8"?>
<!-- Generated by org.testng.reporters.JUnitReportReporter -->
<testsuite hostname="MIIND51N15S2" failures="0" tests="4" name="testAcademy.TestNGGrouping" time="0.012" errors="0" timestamp="2022-02-26T09:33:10 IST" skipped="0">
  <testcase classname="testAcademy.TestNGGrouping" name="fourthTest" time="0.001"/>
  <system-out/>
  <testcase classname="testAcademy.TestNGGrouping" name="secondTest" time="0.001"/>
  <system-out/>
  <testcase classname="testAcademy.TestNGGrouping" name="sixthTest" time="0.001"/>
  <system-out/>
  <testcase classname="testAcademy.TestNGGrouping" name="firstTest" time="0.009"/>
  <system-out/>
</testsuite> <!-- testAcademy.TestNGGrouping -->
