<?xml version="1.0" encoding="UTF-8"?>
<!-- Generated by org.testng.reporters.JUnitReportReporter -->
<testsuite hostname="MIIND51N15S2" failures="0" tests="3" name="testAcademy.TestNGSkipping" time="0.010" errors="0" timestamp="2022-02-26T09:36:50 IST" skipped="1">
  <testcase classname="testAcademy.TestNGSkipping" name="firstTest" time="0.009"/>
  <system-out/>
  <testcase classname="testAcademy.TestNGSkipping" name="thirdTest" time="0.001"/>
  <system-out/>
  <testcase classname="testAcademy.TestNGSkipping" name="secondTest">
    <skipped/>
  </testcase> <!-- secondTest -->
  <system-out/>
</testsuite> <!-- testAcademy.TestNGSkipping -->
