<?xml version="1.0" encoding="UTF-8"?>
<!-- Generated by org.testng.reporters.JUnitReportReporter -->
<testsuite hostname="MIIND51N15S2" failures="0" tests="2" name="basic_learning_testng.TestNGAnnotations" time="25.057" errors="0" timestamp="2022-02-25T20:41:04 IST" skipped="0">
  <testcase classname="basic_learning_testng.TestNGAnnotations" name="firstTest" time="10.980"/>
  <system-out/>
  <testcase classname="basic_learning_testng.TestNGAnnotations" name="secondTest" time="14.077"/>
  <system-out/>
</testsuite> <!-- basic_learning_testng.TestNGAnnotations -->
