<?xml version="1.0" encoding="UTF-8"?>
<!-- Generated by org.testng.reporters.JUnitReportReporter -->
<testsuite hostname="MIIND51N15S2" failures="0" tests="3" name="testAcademy.TestNGAssertions" time="0.010" errors="0" timestamp="2022-02-26T10:54:11 IST" skipped="0">
  <testcase classname="testAcademy.TestNGAssertions" name="assertTrueExample" time="0.001"/>
  <system-out/>
  <testcase classname="testAcademy.TestNGAssertions" name="assertFalseExample" time="0.001"/>
  <system-out/>
  <testcase classname="testAcademy.TestNGAssertions" name="assertEqualsExample" time="0.008"/>
  <system-out/>
</testsuite> <!-- testAcademy.TestNGAssertions -->
